<?xml version="1.0" encoding="UTF-8"?>
<!-- Generated by org.testng.reporters.JUnitReportReporter -->
<testsuite skipped="0" hostname="Gururaj" name="com.YoutubeReload.www.YouTubeChrome" tests="1" failures="0" timestamp="1 Mar 2018 12:59:21 GMT" time="12.729" errors="0">
  <testcase name="mainMethod" time="12.729" classname="com.YoutubeReload.www.YouTubeChrome"/>
</testsuite> <!-- com.YoutubeReload.www.YouTubeChrome -->
